<?xml version="1.0" encoding="UTF-8"?>
<testsuite xmlns:xsi="http://www.w3.org/2001/XMLSchema-instance" xsi:noNamespaceSchemaLocation="https://maven.apache.org/surefire/maven-surefire-plugin/xsd/surefire-test-report-3.0.xsd" version="3.0" name="com.example.nl2sql.tests.SqlCompilerAgentTest" time="1.211" tests="1" errors="0" skipped="0" failures="0">
  <properties>
    <property name="java.specification.version" value="21"/>
    <property name="sun.jnu.encoding" value="UTF-8"/>
    <property name="java.class.path" value="/home/ashutosh/workspace/NL2SQL/tests/target/test-classes:/home/ashutosh/workspace/NL2SQL/tests/target/classes:/home/ashutosh/.m2/repository/org/junit/jupiter/junit-jupiter/5.10.2/junit-jupiter-5.10.2.jar:/home/ashutosh/.m2/repository/org/junit/jupiter/junit-jupiter-api/5.10.2/junit-jupiter-api-5.10.2.jar:/home/ashutosh/.m2/repository/org/opentest4j/opentest4j/1.3.0/opentest4j-1.3.0.jar:/home/ashutosh/.m2/repository/org/junit/platform/junit-platform-commons/1.10.2/junit-platform-commons-1.10.2.jar:/home/ashutosh/.m2/repository/org/apiguardian/apiguardian-api/1.1.2/apiguardian-api-1.1.2.jar:/home/ashutosh/.m2/repository/org/junit/jupiter/junit-jupiter-params/5.10.2/junit-jupiter-params-5.10.2.jar:/home/ashutosh/.m2/repository/org/junit/jupiter/junit-jupiter-engine/5.10.2/junit-jupiter-engine-5.10.2.jar:/home/ashutosh/.m2/repository/org/junit/platform/junit-platform-engine/1.10.2/junit-platform-engine-1.10.2.jar:/home/ashutosh/workspace/NL2SQL/agents/target/classes:/home/ashutosh/workspace/NL2SQL/core/target/classes:/home/ashutosh/.m2/repository/com/fasterxml/jackson/core/jackson-databind/2.17.1/jackson-databind-2.17.1.jar:/home/ashutosh/.m2/repository/com/fasterxml/jackson/datatype/jackson-datatype-jsr310/2.17.1/jackson-datatype-jsr310-2.17.1.jar:/home/ashutosh/.m2/repository/org/slf4j/slf4j-api/2.0.13/slf4j-api-2.0.13.jar:/home/ashutosh/workspace/NL2SQL/semantic-registry/target/classes:/home/ashutosh/.m2/repository/org/yaml/snakeyaml/2.2/snakeyaml-2.2.jar:/home/ashutosh/workspace/NL2SQL/calcite-compiler/target/classes:/home/ashutosh/.m2/repository/org/apache/calcite/calcite-core/1.36.0/calcite-core-1.36.0.jar:/home/ashutosh/.m2/repository/org/apache/calcite/calcite-linq4j/1.36.0/calcite-linq4j-1.36.0.jar:/home/ashutosh/.m2/repository/org/locationtech/jts/jts-core/1.19.0/jts-core-1.19.0.jar:/home/ashutosh/.m2/repository/org/locationtech/jts/io/jts-io-common/1.19.0/jts-io-common-1.19.0.jar:/home/ashutosh/.m2/repository/com/googlecode/json-simple/json-simple/1.1.1/json-simple-1.1.1.jar:/home/ashutosh/.m2/repository/org/locationtech/proj4j/proj4j/1.2.2/proj4j-1.2.2.jar:/home/ashutosh/.m2/repository/com/fasterxml/jackson/core/jackson-annotations/2.17.1/jackson-annotations-2.17.1.jar:/home/ashutosh/.m2/repository/com/google/errorprone/error_prone_annotations/2.21.1/error_prone_annotations-2.21.1.jar:/home/ashutosh/.m2/repository/com/google/guava/guava/32.1.3-jre/guava-32.1.3-jre.jar:/home/ashutosh/.m2/repository/com/google/guava/failureaccess/1.0.1/failureaccess-1.0.1.jar:/home/ashutosh/.m2/repository/com/google/guava/listenablefuture/9999.0-empty-to-avoid-conflict-with-guava/listenablefuture-9999.0-empty-to-avoid-conflict-with-guava.jar:/home/ashutosh/.m2/repository/com/google/code/findbugs/jsr305/3.0.2/jsr305-3.0.2.jar:/home/ashutosh/.m2/repository/com/google/j2objc/j2objc-annotations/2.8/j2objc-annotations-2.8.jar:/home/ashutosh/.m2/repository/org/apache/calcite/avatica/avatica-core/1.23.0/avatica-core-1.23.0.jar:/home/ashutosh/.m2/repository/org/apache/calcite/avatica/avatica-metrics/1.23.0/avatica-metrics-1.23.0.jar:/home/ashutosh/.m2/repository/com/google/protobuf/protobuf-java/3.21.9/protobuf-java-3.21.9.jar:/home/ashutosh/.m2/repository/org/apache/httpcomponents/client5/httpclient5/5.1.3/httpclient5-5.1.3.jar:/home/ashutosh/.m2/repository/org/apache/httpcomponents/core5/httpcore5-h2/5.1.3/httpcore5-h2-5.1.3.jar:/home/ashutosh/.m2/repository/org/apache/httpcomponents/core5/httpcore5/5.1.3/httpcore5-5.1.3.jar:/home/ashutosh/.m2/repository/org/checkerframework/checker-qual/3.37.0/checker-qual-3.37.0.jar:/home/ashutosh/.m2/repository/com/fasterxml/jackson/core/jackson-core/2.17.1/jackson-core-2.17.1.jar:/home/ashutosh/.m2/repository/com/fasterxml/jackson/dataformat/jackson-dataformat-yaml/2.17.1/jackson-dataformat-yaml-2.17.1.jar:/home/ashutosh/.m2/repository/com/google/uzaygezen/uzaygezen-core/0.2/uzaygezen-core-0.2.jar:/home/ashutosh/.m2/repository/com/jayway/jsonpath/json-path/2.7.0/json-path-2.7.0.jar:/home/ashutosh/.m2/repository/net/minidev/json-smart/2.4.7/json-smart-2.4.7.jar:/home/ashutosh/.m2/repository/net/minidev/accessors-smart/2.4.7/accessors-smart-2.4.7.jar:/home/ashutosh/.m2/repository/org/ow2/asm/asm/9.1/asm-9.1.jar:/home/ashutosh/.m2/repository/com/yahoo/datasketches/sketches-core/0.9.0/sketches-core-0.9.0.jar:/home/ashutosh/.m2/repository/com/yahoo/datasketches/memory/0.9.0/memory-0.9.0.jar:/home/ashutosh/.m2/repository/commons-codec/commons-codec/1.13/commons-codec-1.13.jar:/home/ashutosh/.m2/repository/net/hydromatic/aggdesigner-algorithm/6.0/aggdesigner-algorithm-6.0.jar:/home/ashutosh/.m2/repository/commons-lang/commons-lang/2.4/commons-lang-2.4.jar:/home/ashutosh/.m2/repository/commons-logging/commons-logging/1.1.3/commons-logging-1.1.3.jar:/home/ashutosh/.m2/repository/org/apache/commons/commons-dbcp2/2.9.0/commons-dbcp2-2.9.0.jar:/home/ashutosh/.m2/repository/org/apache/commons/commons-pool2/2.10.0/commons-pool2-2.10.0.jar:/home/ashutosh/.m2/repository/org/apache/commons/commons-lang3/3.12.0/commons-lang3-3.12.0.jar:/home/ashutosh/.m2/repository/org/apache/commons/commons-math3/3.6.1/commons-math3-3.6.1.jar:/home/ashutosh/.m2/repository/org/apache/commons/commons-text/1.10.0/commons-text-1.10.0.jar:/home/ashutosh/.m2/repository/commons-io/commons-io/2.11.0/commons-io-2.11.0.jar:/home/ashutosh/.m2/repository/org/codehaus/janino/commons-compiler/3.1.9/commons-compiler-3.1.9.jar:/home/ashutosh/.m2/repository/org/codehaus/janino/janino/3.1.9/janino-3.1.9.jar:/home/ashutosh/workspace/NL2SQL/jdbc-adapter/target/classes:/home/ashutosh/.m2/repository/org/postgresql/postgresql/42.7.3/postgresql-42.7.3.jar:/home/ashutosh/workspace/NL2SQL/examples/target/classes:"/>
    <property name="java.vm.vendor" value="Ubuntu"/>
    <property name="sun.arch.data.model" value="64"/>
    <property name="java.vendor.url" value="https://ubuntu.com/"/>
    <property name="user.timezone" value="Asia/Kolkata"/>
    <property name="os.name" value="Linux"/>
    <property name="java.vm.specification.version" value="21"/>
    <property name="sun.java.launcher" value="SUN_STANDARD"/>
    <property name="user.country" value="US"/>
    <property name="sun.boot.library.path" value="/usr/lib/jvm/java-21-openjdk-amd64/lib"/>
    <property name="sun.java.command" value="/home/ashutosh/workspace/NL2SQL/tests/target/surefire/surefirebooter-20250919005023408_3.jar /home/ashutosh/workspace/NL2SQL/tests/target/surefire 2025-09-19T00-50-22_236-jvmRun1 surefire-20250919005023408_1tmp surefire_0-20250919005023408_2tmp"/>
    <property name="jdk.debug" value="release"/>
    <property name="surefire.test.class.path" value="/home/ashutosh/workspace/NL2SQL/tests/target/test-classes:/home/ashutosh/workspace/NL2SQL/tests/target/classes:/home/ashutosh/.m2/repository/org/junit/jupiter/junit-jupiter/5.10.2/junit-jupiter-5.10.2.jar:/home/ashutosh/.m2/repository/org/junit/jupiter/junit-jupiter-api/5.10.2/junit-jupiter-api-5.10.2.jar:/home/ashutosh/.m2/repository/org/opentest4j/opentest4j/1.3.0/opentest4j-1.3.0.jar:/home/ashutosh/.m2/repository/org/junit/platform/junit-platform-commons/1.10.2/junit-platform-commons-1.10.2.jar:/home/ashutosh/.m2/repository/org/apiguardian/apiguardian-api/1.1.2/apiguardian-api-1.1.2.jar:/home/ashutosh/.m2/repository/org/junit/jupiter/junit-jupiter-params/5.10.2/junit-jupiter-params-5.10.2.jar:/home/ashutosh/.m2/repository/org/junit/jupiter/junit-jupiter-engine/5.10.2/junit-jupiter-engine-5.10.2.jar:/home/ashutosh/.m2/repository/org/junit/platform/junit-platform-engine/1.10.2/junit-platform-engine-1.10.2.jar:/home/ashutosh/workspace/NL2SQL/agents/target/classes:/home/ashutosh/workspace/NL2SQL/core/target/classes:/home/ashutosh/.m2/repository/com/fasterxml/jackson/core/jackson-databind/2.17.1/jackson-databind-2.17.1.jar:/home/ashutosh/.m2/repository/com/fasterxml/jackson/datatype/jackson-datatype-jsr310/2.17.1/jackson-datatype-jsr310-2.17.1.jar:/home/ashutosh/.m2/repository/org/slf4j/slf4j-api/2.0.13/slf4j-api-2.0.13.jar:/home/ashutosh/workspace/NL2SQL/semantic-registry/target/classes:/home/ashutosh/.m2/repository/org/yaml/snakeyaml/2.2/snakeyaml-2.2.jar:/home/ashutosh/workspace/NL2SQL/calcite-compiler/target/classes:/home/ashutosh/.m2/repository/org/apache/calcite/calcite-core/1.36.0/calcite-core-1.36.0.jar:/home/ashutosh/.m2/repository/org/apache/calcite/calcite-linq4j/1.36.0/calcite-linq4j-1.36.0.jar:/home/ashutosh/.m2/repository/org/locationtech/jts/jts-core/1.19.0/jts-core-1.19.0.jar:/home/ashutosh/.m2/repository/org/locationtech/jts/io/jts-io-common/1.19.0/jts-io-common-1.19.0.jar:/home/ashutosh/.m2/repository/com/googlecode/json-simple/json-simple/1.1.1/json-simple-1.1.1.jar:/home/ashutosh/.m2/repository/org/locationtech/proj4j/proj4j/1.2.2/proj4j-1.2.2.jar:/home/ashutosh/.m2/repository/com/fasterxml/jackson/core/jackson-annotations/2.17.1/jackson-annotations-2.17.1.jar:/home/ashutosh/.m2/repository/com/google/errorprone/error_prone_annotations/2.21.1/error_prone_annotations-2.21.1.jar:/home/ashutosh/.m2/repository/com/google/guava/guava/32.1.3-jre/guava-32.1.3-jre.jar:/home/ashutosh/.m2/repository/com/google/guava/failureaccess/1.0.1/failureaccess-1.0.1.jar:/home/ashutosh/.m2/repository/com/google/guava/listenablefuture/9999.0-empty-to-avoid-conflict-with-guava/listenablefuture-9999.0-empty-to-avoid-conflict-with-guava.jar:/home/ashutosh/.m2/repository/com/google/code/findbugs/jsr305/3.0.2/jsr305-3.0.2.jar:/home/ashutosh/.m2/repository/com/google/j2objc/j2objc-annotations/2.8/j2objc-annotations-2.8.jar:/home/ashutosh/.m2/repository/org/apache/calcite/avatica/avatica-core/1.23.0/avatica-core-1.23.0.jar:/home/ashutosh/.m2/repository/org/apache/calcite/avatica/avatica-metrics/1.23.0/avatica-metrics-1.23.0.jar:/home/ashutosh/.m2/repository/com/google/protobuf/protobuf-java/3.21.9/protobuf-java-3.21.9.jar:/home/ashutosh/.m2/repository/org/apache/httpcomponents/client5/httpclient5/5.1.3/httpclient5-5.1.3.jar:/home/ashutosh/.m2/repository/org/apache/httpcomponents/core5/httpcore5-h2/5.1.3/httpcore5-h2-5.1.3.jar:/home/ashutosh/.m2/repository/org/apache/httpcomponents/core5/httpcore5/5.1.3/httpcore5-5.1.3.jar:/home/ashutosh/.m2/repository/org/checkerframework/checker-qual/3.37.0/checker-qual-3.37.0.jar:/home/ashutosh/.m2/repository/com/fasterxml/jackson/core/jackson-core/2.17.1/jackson-core-2.17.1.jar:/home/ashutosh/.m2/repository/com/fasterxml/jackson/dataformat/jackson-dataformat-yaml/2.17.1/jackson-dataformat-yaml-2.17.1.jar:/home/ashutosh/.m2/repository/com/google/uzaygezen/uzaygezen-core/0.2/uzaygezen-core-0.2.jar:/home/ashutosh/.m2/repository/com/jayway/jsonpath/json-path/2.7.0/json-path-2.7.0.jar:/home/ashutosh/.m2/repository/net/minidev/json-smart/2.4.7/json-smart-2.4.7.jar:/home/ashutosh/.m2/repository/net/minidev/accessors-smart/2.4.7/accessors-smart-2.4.7.jar:/home/ashutosh/.m2/repository/org/ow2/asm/asm/9.1/asm-9.1.jar:/home/ashutosh/.m2/repository/com/yahoo/datasketches/sketches-core/0.9.0/sketches-core-0.9.0.jar:/home/ashutosh/.m2/repository/com/yahoo/datasketches/memory/0.9.0/memory-0.9.0.jar:/home/ashutosh/.m2/repository/commons-codec/commons-codec/1.13/commons-codec-1.13.jar:/home/ashutosh/.m2/repository/net/hydromatic/aggdesigner-algorithm/6.0/aggdesigner-algorithm-6.0.jar:/home/ashutosh/.m2/repository/commons-lang/commons-lang/2.4/commons-lang-2.4.jar:/home/ashutosh/.m2/repository/commons-logging/commons-logging/1.1.3/commons-logging-1.1.3.jar:/home/ashutosh/.m2/repository/org/apache/commons/commons-dbcp2/2.9.0/commons-dbcp2-2.9.0.jar:/home/ashutosh/.m2/repository/org/apache/commons/commons-pool2/2.10.0/commons-pool2-2.10.0.jar:/home/ashutosh/.m2/repository/org/apache/commons/commons-lang3/3.12.0/commons-lang3-3.12.0.jar:/home/ashutosh/.m2/repository/org/apache/commons/commons-math3/3.6.1/commons-math3-3.6.1.jar:/home/ashutosh/.m2/repository/org/apache/commons/commons-text/1.10.0/commons-text-1.10.0.jar:/home/ashutosh/.m2/repository/commons-io/commons-io/2.11.0/commons-io-2.11.0.jar:/home/ashutosh/.m2/repository/org/codehaus/janino/commons-compiler/3.1.9/commons-compiler-3.1.9.jar:/home/ashutosh/.m2/repository/org/codehaus/janino/janino/3.1.9/janino-3.1.9.jar:/home/ashutosh/workspace/NL2SQL/jdbc-adapter/target/classes:/home/ashutosh/.m2/repository/org/postgresql/postgresql/42.7.3/postgresql-42.7.3.jar:/home/ashutosh/workspace/NL2SQL/examples/target/classes:"/>
    <property name="sun.cpu.endian" value="little"/>
    <property name="user.home" value="/home/ashutosh"/>
    <property name="user.language" value="en"/>
    <property name="java.specification.vendor" value="Oracle Corporation"/>
    <property name="java.version.date" value="2025-07-15"/>
    <property name="java.home" value="/usr/lib/jvm/java-21-openjdk-amd64"/>
    <property name="file.separator" value="/"/>
    <property name="basedir" value="/home/ashutosh/workspace/NL2SQL/tests"/>
    <property name="java.vm.compressedOopsMode" value="Zero based"/>
    <property name="line.separator" value="&#10;"/>
    <property name="java.specification.name" value="Java Platform API Specification"/>
    <property name="java.vm.specification.vendor" value="Oracle Corporation"/>
    <property name="skipITs" value="true"/>
    <property name="surefire.real.class.path" value="/home/ashutosh/workspace/NL2SQL/tests/target/surefire/surefirebooter-20250919005023408_3.jar"/>
    <property name="sun.management.compiler" value="HotSpot 64-Bit Tiered Compilers"/>
    <property name="java.runtime.version" value="21.0.8+9-Ubuntu-0ubuntu124.04.1"/>
    <property name="user.name" value="ashutosh"/>
    <property name="stdout.encoding" value="UTF-8"/>
    <property name="path.separator" value=":"/>
    <property name="os.version" value="6.14.0-29-generic"/>
    <property name="java.runtime.name" value="OpenJDK Runtime Environment"/>
    <property name="file.encoding" value="UTF-8"/>
    <property name="java.vm.name" value="OpenJDK 64-Bit Server VM"/>
    <property name="localRepository" value="/home/ashutosh/.m2/repository"/>
    <property name="java.vendor.url.bug" value="https://bugs.launchpad.net/ubuntu/+source/openjdk-21"/>
    <property name="java.io.tmpdir" value="/tmp"/>
    <property name="java.version" value="21.0.8"/>
    <property name="user.dir" value="/home/ashutosh/workspace/NL2SQL/tests"/>
    <property name="os.arch" value="amd64"/>
    <property name="java.vm.specification.name" value="Java Virtual Machine Specification"/>
    <property name="native.encoding" value="UTF-8"/>
    <property name="java.library.path" value="/usr/java/packages/lib:/usr/lib/x86_64-linux-gnu/jni:/lib/x86_64-linux-gnu:/usr/lib/x86_64-linux-gnu:/usr/lib/jni:/lib:/usr/lib"/>
    <property name="java.vm.info" value="mixed mode, sharing"/>
    <property name="stderr.encoding" value="UTF-8"/>
    <property name="java.vendor" value="Ubuntu"/>
    <property name="java.vm.version" value="21.0.8+9-Ubuntu-0ubuntu124.04.1"/>
    <property name="sun.io.unicode.encoding" value="UnicodeLittle"/>
    <property name="java.class.version" value="65.0"/>
  </properties>
  <testcase name="generatesPostgresSqlWithExpectedJoinsAndClauses" classname="com.example.nl2sql.tests.SqlCompilerAgentTest" time="1.21">
    <system-err><![CDATA[SLF4J(W): No SLF4J providers were found.
SLF4J(W): Defaulting to no-operation (NOP) logger implementation
SLF4J(W): See https://www.slf4j.org/codes.html#noProviders for further details.
]]></system-err>
  </testcase>
</testsuite>